        "executor_id": 882,
        "type": "manual_reassignment",
        "severity": "medium",
        "status": "open",
        "detected_at": "2026-04-22T07:53:04+00:00"
    },
    "socket": null
}  
[2026-04-22 07:53:05] production.INFO: Broadcasting [service_job.updated] on channels [private-ops.organization.fcdc782d-434e-425e-a1e6-1a7550f786dc, private-ops.job.846] with payload:
{
    "job_id": 846,
    "payload": {
        "status": "assigned",
        "reason": "manual_reassign",
        "executor_id": 882,
        "assignment_id": 402,
        "updated_at": "2026-04-22T07:53:05+00:00"
    },
    "socket": null
}  
[2026-04-22 07:53:05] production.INFO: ops.workbench.action {"actor_user_id":1,"action":"manual_reassign_requested","success":true,"target_type":"service_job","target_id":846,"job_id":846,"executor_id":882,"exception_id":null,"message":null,"payload":{"executor_id":882,"reason":"auth matrix write probe","expected_job_version":"2026-04-22 07:53:04.000000"},"happened_at":"2026-04-22T07:53:05+00:00"} 
[2026-04-22 07:53:05] production.INFO: Broadcasting [workbench.action.performed] on channels [private-ops.organization.fcdc782d-434e-425e-a1e6-1a7550f786dc] with payload:
{
    "actor_user_id": 1,
    "action": "manual_reassign_requested",
    "success": true,
    "job_id": 846,
    "executor_id": 882,
    "exception_id": null,
    "message": "Job manually reassigned.",
    "payload": [],
    "happened_at": "2026-04-22T07:53:05+00:00",
    "socket": null
}  
[2026-04-22 07:53:05] production.INFO: Broadcasting [operation_exception.updated] on channels [private-ops.organization.fcdc782d-434e-425e-a1e6-1a7550f786dc] with payload:
{
    "exception_id": 139,
    "payload": {
        "status": "acknowledged",
        "service_job_id": 846,
        "assignment_id": null,
        "executor_id": 882,
        "updated_at": "2026-04-22T07:53:05+00:00"
    },
    "socket": null
}  
[2026-04-22 07:53:05] production.INFO: ops.workbench.action {"actor_user_id":1,"action":"exception_acknowledged_from_map","success":true,"target_type":"operation_exception","target_id":139,"job_id":846,"executor_id":null,"exception_id":139,"message":null,"payload":{"expected_exception_version":"2026-04-22 07:53:05.000000"},"happened_at":"2026-04-22T07:53:05+00:00"} 
[2026-04-22 07:53:05] production.INFO: Broadcasting [workbench.action.performed] on channels [private-ops.organization.fcdc782d-434e-425e-a1e6-1a7550f786dc] with payload:
{
    "actor_user_id": 1,
    "action": "exception_acknowledged_from_map",
    "success": true,
    "job_id": 846,
    "executor_id": null,
    "exception_id": 139,
    "message": "Exception acknowledged.",
    "payload": [],
    "happened_at": "2026-04-22T07:53:05+00:00",
    "socket": null
}  
[2026-04-22 07:53:05] production.INFO: Broadcasting [operation_exception.updated] on channels [private-ops.organization.fcdc782d-434e-425e-a1e6-1a7550f786dc] with payload:
{
    "exception_id": 139,
    "payload": {
        "status": "resolved",
        "resolution_code": "auth_matrix_probe",
        "service_job_id": 846,
        "assignment_id": null,
        "executor_id": 882,
        "updated_at": "2026-04-22T07:53:05+00:00"
    },
    "socket": null
}  
[2026-04-22 07:53:05] production.INFO: ops.workbench.action {"actor_user_id":1,"action":"exception_resolved_from_map","success":true,"target_type":"operation_exception","target_id":139,"job_id":846,"executor_id":null,"exception_id":139,"message":null,"payload":{"resolution_code":"auth_matrix_probe","resolution_notes":"auth matrix write probe","root_cause":"smoke_probe","expected_exception_version":"2026-04-22 07:53:05.000000"},"happened_at":"2026-04-22T07:53:05+00:00"} 
[2026-04-22 07:53:05] production.INFO: Broadcasting [workbench.action.performed] on channels [private-ops.organization.fcdc782d-434e-425e-a1e6-1a7550f786dc] with payload:
{
    "actor_user_id": 1,
    "action": "exception_resolved_from_map",
    "success": true,
    "job_id": 846,
    "executor_id": null,
    "exception_id": 139,
    "message": "Exception resolved.",
    "payload": [],
    "happened_at": "2026-04-22T07:53:05+00:00",
    "socket": null
}  
[2026-04-22 07:53:07] production.INFO: Broadcasting [operation_exception.updated] on channels [private-ops.organization.fcdc782d-434e-425e-a1e6-1a7550f786dc] with payload:
{
    "exception_id": 140,
    "payload": {
        "status": "acknowledged",
        "service_job_id": 847,
        "assignment_id": null,
        "executor_id": 884,
        "updated_at": "2026-04-22T07:53:07+00:00"
    },
    "socket": null
}  
[2026-04-22 07:53:07] production.INFO: ops.workbench.action {"actor_user_id":2,"action":"exception_acknowledged_from_map","success":true,"target_type":"operation_exception","target_id":140,"job_id":847,"executor_id":null,"exception_id":140,"message":null,"payload":{"expected_exception_version":"2026-04-22 07:53:06.000000"},"happened_at":"2026-04-22T07:53:07+00:00"} 
[2026-04-22 07:53:07] production.INFO: Broadcasting [workbench.action.performed] on channels [private-ops.organization.fcdc782d-434e-425e-a1e6-1a7550f786dc] with payload:
{
    "actor_user_id": 2,
    "action": "exception_acknowledged_from_map",
    "success": true,
    "job_id": 847,
    "executor_id": null,
    "exception_id": 140,
    "message": "Exception acknowledged.",
    "payload": [],
    "happened_at": "2026-04-22T07:53:07+00:00",
    "socket": null
}  
[2026-04-22 07:53:07] production.INFO: Broadcasting [operation_exception.updated] on channels [private-ops.organization.fcdc782d-434e-425e-a1e6-1a7550f786dc] with payload:
{
    "exception_id": 140,
    "payload": {
        "status": "resolved",
        "resolution_code": "auth_matrix_probe",
        "service_job_id": 847,
        "assignment_id": null,
        "executor_id": 884,
        "updated_at": "2026-04-22T07:53:07+00:00"
    },
    "socket": null
}  
[2026-04-22 07:53:07] production.INFO: ops.workbench.action {"actor_user_id":2,"action":"exception_resolved_from_map","success":true,"target_type":"operation_exception","target_id":140,"job_id":847,"executor_id":null,"exception_id":140,"message":null,"payload":{"resolution_code":"auth_matrix_probe","resolution_notes":"auth matrix write probe","root_cause":"smoke_probe","expected_exception_version":"2026-04-22 07:53:07.000000"},"happened_at":"2026-04-22T07:53:07+00:00"} 
[2026-04-22 07:53:07] production.INFO: Broadcasting [workbench.action.performed] on channels [private-ops.organization.fcdc782d-434e-425e-a1e6-1a7550f786dc] with payload:
{
    "actor_user_id": 2,
    "action": "exception_resolved_from_map",
    "success": true,
    "job_id": 847,
    "executor_id": null,
    "exception_id": 140,
    "message": "Exception resolved.",
    "payload": [],
    "happened_at": "2026-04-22T07:53:07+00:00",
    "socket": null
}  
