#83 /var/www/bikube/vendor/laravel/framework/src/Illuminate/Foundation/Http/Kernel.php(175): Illuminate\\Pipeline\\Pipeline->then()
#84 /var/www/bikube/vendor/laravel/framework/src/Illuminate/Foundation/Http/Kernel.php(144): Illuminate\\Foundation\\Http\\Kernel->sendRequestThroughRouter()
#85 /var/www/bikube/app/Console/Commands/OpsAdminPageRoleMatrixCommand.php(64): Illuminate\\Foundation\\Http\\Kernel->handle()
#86 /var/www/bikube/vendor/laravel/framework/src/Illuminate/Container/BoundMethod.php(36): App\\Console\\Commands\\OpsAdminPageRoleMatrixCommand->handle()
#87 /var/www/bikube/vendor/laravel/framework/src/Illuminate/Container/Util.php(41): Illuminate\\Container\\BoundMethod::{closure:Illuminate\\Container\\BoundMethod::call():35}()
#88 /var/www/bikube/vendor/laravel/framework/src/Illuminate/Container/BoundMethod.php(93): Illuminate\\Container\\Util::unwrapIfClosure()
#89 /var/www/bikube/vendor/laravel/framework/src/Illuminate/Container/BoundMethod.php(35): Illuminate\\Container\\BoundMethod::callBoundMethod()
#90 /var/www/bikube/vendor/laravel/framework/src/Illuminate/Container/Container.php(662): Illuminate\\Container\\BoundMethod::call()
#91 /var/www/bikube/vendor/laravel/framework/src/Illuminate/Console/Command.php(211): Illuminate\\Container\\Container->call()
#92 /var/www/bikube/vendor/symfony/console/Command/Command.php(326): Illuminate\\Console\\Command->execute()
#93 /var/www/bikube/vendor/laravel/framework/src/Illuminate/Console/Command.php(180): Symfony\\Component\\Console\\Command\\Command->run()
#94 /var/www/bikube/vendor/symfony/console/Application.php(1106): Illuminate\\Console\\Command->run()
#95 /var/www/bikube/vendor/symfony/console/Application.php(324): Symfony\\Component\\Console\\Application->doRunCommand()
#96 /var/www/bikube/vendor/symfony/console/Application.php(175): Symfony\\Component\\Console\\Application->doRun()
#97 /var/www/bikube/vendor/laravel/framework/src/Illuminate/Foundation/Console/Kernel.php(201): Symfony\\Component\\Console\\Application->run()
#98 /var/www/bikube/artisan(38): Illuminate\\Foundation\\Console\\Kernel->handle()
#99 {main}

[previous exception] [object] (Illuminate\\View\\ViewException(code: 0): file_put_contents(/var/www/bikube/storage/framework/views/42d7ce6b4a5bab6f7502d982de2cf9ec.php): Failed to open stream: Permission denied (View: /var/www/bikube/storage/framework/views/78d93388e54de4cccc53e733db5322b2.blade.php) at /var/www/bikube/vendor/laravel/framework/src/Illuminate/Filesystem/Filesystem.php:204)
[stacktrace]
#0 /var/www/bikube/vendor/livewire/livewire/src/ComponentConcerns/RendersLivewireComponents.php(106): Illuminate\\View\\Engines\\CompilerEngine->handleViewException()
#1 /var/www/bikube/vendor/livewire/livewire/src/ComponentConcerns/RendersLivewireComponents.php(88): Livewire\\LivewireViewCompilerEngine->handleViewException()
#2 /var/www/bikube/vendor/livewire/livewire/src/ComponentConcerns/RendersLivewireComponents.php(59): Livewire\\LivewireViewCompilerEngine->evaluatePath()
#3 /var/www/bikube/vendor/laravel/framework/src/Illuminate/View/View.php(207): Livewire\\LivewireViewCompilerEngine->get()
#4 /var/www/bikube/vendor/laravel/framework/src/Illuminate/View/View.php(190): Illuminate\\View\\View->getContents()
#5 /var/www/bikube/vendor/laravel/framework/src/Illuminate/View/View.php(159): Illuminate\\View\\View->renderContents()
#6 /var/www/bikube/vendor/laravel/framework/src/Illuminate/View/Concerns/ManagesComponents.php(103): Illuminate\\View\\View->render()
#7 /var/www/bikube/storage/framework/views/6d2180726f07605db9e6bab7ccd292eb.php(151): Illuminate\\View\\Factory->renderComponent()
#8 /var/www/bikube/vendor/livewire/livewire/src/ComponentConcerns/RendersLivewireComponents.php(83): include('...')
#9 /var/www/bikube/vendor/livewire/livewire/src/ComponentConcerns/RendersLivewireComponents.php(84): App\\Filament\\Resources\\ClaimResource\\Pages\\ListClaims->{closure:Livewire\\ComponentConcerns\\RendersLivewireComponents::evaluatePath():81}()
#10 /var/www/bikube/vendor/livewire/livewire/src/ComponentConcerns/RendersLivewireComponents.php(59): Livewire\\LivewireViewCompilerEngine->evaluatePath()
#11 /var/www/bikube/vendor/laravel/framework/src/Illuminate/View/View.php(207): Livewire\\LivewireViewCompilerEngine->get()
#12 /var/www/bikube/vendor/laravel/framework/src/Illuminate/View/View.php(190): Illuminate\\View\\View->getContents()
#13 /var/www/bikube/vendor/laravel/framework/src/Illuminate/View/View.php(159): Illuminate\\View\\View->renderContents()
#14 /var/www/bikube/vendor/laravel/framework/src/Illuminate/View/Concerns/ManagesComponents.php(103): Illuminate\\View\\View->render()
#15 /var/www/bikube/storage/framework/views/037e6a696e995d1dbd6a360543493c36.php(200): Illuminate\\View\\Factory->renderComponent()
#16 /var/www/bikube/vendor/livewire/livewire/src/ComponentConcerns/RendersLivewireComponents.php(83): include('...')
#17 /var/www/bikube/vendor/livewire/livewire/src/ComponentConcerns/RendersLivewireComponents.php(84): App\\Filament\\Resources\\ClaimResource\\Pages\\ListClaims->{closure:Livewire\\ComponentConcerns\\RendersLivewireComponents::evaluatePath():81}()
#18 /var/www/bikube/vendor/livewire/livewire/src/ComponentConcerns/RendersLivewireComponents.php(59): Livewire\\LivewireViewCompilerEngine->evaluatePath()
#19 /var/www/bikube/vendor/laravel/framework/src/Illuminate/View/View.php(207): Livewire\\LivewireViewCompilerEngine->get()
#20 /var/www/bikube/vendor/laravel/framework/src/Illuminate/View/View.php(190): Illuminate\\View\\View->getContents()
#21 /var/www/bikube/vendor/laravel/framework/src/Illuminate/View/View.php(159): Illuminate\\View\\View->renderContents()
#22 /var/www/bikube/vendor/laravel/framework/src/Illuminate/View/Concerns/ManagesComponents.php(103): Illuminate\\View\\View->render()
#23 /var/www/bikube/storage/framework/views/22aa8672152136486f2854e493b70c29.php(51): Illuminate\\View\\Factory->renderComponent()
#24 /var/www/bikube/vendor/livewire/livewire/src/ComponentConcerns/RendersLivewireComponents.php(83): include('...')
#25 /var/www/bikube/vendor/livewire/livewire/src/ComponentConcerns/RendersLivewireComponents.php(84): App\\Filament\\Resources\\ClaimResource\\Pages\\ListClaims->{closure:Livewire\\ComponentConcerns\\RendersLivewireComponents::evaluatePath():81}()
#26 /var/www/bikube/vendor/livewire/livewire/src/ComponentConcerns/RendersLivewireComponents.php(59): Livewire\\LivewireViewCompilerEngine->evaluatePath()
#27 /var/www/bikube/vendor/laravel/framework/src/Illuminate/View/View.php(207): Livewire\\LivewireViewCompilerEngine->get()
#28 /var/www/bikube/vendor/laravel/framework/src/Illuminate/View/View.php(190): Illuminate\\View\\View->getContents()
#29 /var/www/bikube/vendor/laravel/framework/src/Illuminate/View/View.php(159): Illuminate\\View\\View->renderContents()
#30 /var/www/bikube/vendor/laravel/framework/src/Illuminate/View/Concerns/ManagesComponents.php(103): Illuminate\\View\\View->render()
#31 /var/www/bikube/storage/framework/views/a7ee3d534222e1e289ddd71868b52ff8.php(6): Illuminate\\View\\Factory->renderComponent()
#32 /var/www/bikube/vendor/livewire/livewire/src/ComponentConcerns/RendersLivewireComponents.php(83): include('...')
#33 /var/www/bikube/vendor/livewire/livewire/src/ComponentConcerns/RendersLivewireComponents.php(84): App\\Filament\\Resources\\ClaimResource\\Pages\\ListClaims->{closure:Livewire\\ComponentConcerns\\RendersLivewireComponents::evaluatePath():81}()
#34 /var/www/bikube/vendor/livewire/livewire/src/ComponentConcerns/RendersLivewireComponents.php(59): Livewire\\LivewireViewCompilerEngine->evaluatePath()
#35 /var/www/bikube/vendor/laravel/framework/src/Illuminate/View/View.php(207): Livewire\\LivewireViewCompilerEngine->get()
#36 /var/www/bikube/vendor/laravel/framework/src/Illuminate/View/View.php(190): Illuminate\\View\\View->getContents()
#37 /var/www/bikube/vendor/laravel/framework/src/Illuminate/View/View.php(159): Illuminate\\View\\View->renderContents()
#38 /var/www/bikube/vendor/laravel/framework/src/Illuminate/Http/Response.php(69): Illuminate\\View\\View->render()
#39 /var/www/bikube/vendor/laravel/framework/src/Illuminate/Http/Response.php(35): Illuminate\\Http\\Response->setContent()
#40 /var/www/bikube/vendor/laravel/framework/src/Illuminate/Routing/Router.php(918): Illuminate\\Http\\Response->__construct()
#41 /var/www/bikube/vendor/laravel/framework/src/Illuminate/Routing/Router.php(885): Illuminate\\Routing\\Router::toResponse()
#42 /var/www/bikube/vendor/laravel/framework/src/Illuminate/Routing/Router.php(805): Illuminate\\Routing\\Router->prepareResponse()
#43 /var/www/bikube/vendor/laravel/framework/src/Illuminate/Pipeline/Pipeline.php(144): Illuminate\\Routing\\Router->{closure:Illuminate\\Routing\\Router::runRouteWithinStack():805}()
#44 /var/www/bikube/vendor/laravel/framework/src/Illuminate/Auth/Middleware/Authenticate.php(57): Illuminate\\Pipeline\\Pipeline->{closure:Illuminate\\Pipeline\\Pipeline::prepareDestination():142}()
#45 /var/www/bikube/vendor/laravel/framework/src/Illuminate/Pipeline/Pipeline.php(183): Illuminate\\Auth\\Middleware\\Authenticate->handle()
#46 /var/www/bikube/vendor/laravel/framework/src/Illuminate/Foundation/Http/Middleware/VerifyCsrfToken.php(78): Illuminate\\Pipeline\\Pipeline->{closure:{closure:Illuminate\\Pipeline\\Pipeline::carry():158}:159}()
#47 /var/www/bikube/vendor/laravel/framework/src/Illuminate/Pipeline/Pipeline.php(183): Illuminate\\Foundation\\Http\\Middleware\\VerifyCsrfToken->handle()
#48 /var/www/bikube/vendor/laravel/framework/src/Illuminate/View/Middleware/ShareErrorsFromSession.php(49): Illuminate\\Pipeline\\Pipeline->{closure:{closure:Illuminate\\Pipeline\\Pipeline::carry():158}:159}()
#49 /var/www/bikube/vendor/laravel/framework/src/Illuminate/Pipeline/Pipeline.php(183): Illuminate\\View\\Middleware\\ShareErrorsFromSession->handle()
#50 /var/www/bikube/vendor/laravel/framework/src/Illuminate/Session/Middleware/StartSession.php(121): Illuminate\\Pipeline\\Pipeline->{closure:{closure:Illuminate\\Pipeline\\Pipeline::carry():158}:159}()
#51 /var/www/bikube/vendor/laravel/framework/src/Illuminate/Session/Middleware/StartSession.php(64): Illuminate\\Session\\Middleware\\StartSession->handleStatefulRequest()
#52 /var/www/bikube/vendor/laravel/framework/src/Illuminate/Pipeline/Pipeline.php(183): Illuminate\\Session\\Middleware\\StartSession->handle()
#53 /var/www/bikube/vendor/laravel/framework/src/Illuminate/Cookie/Middleware/AddQueuedCookiesToResponse.php(37): Illuminate\\Pipeline\\Pipeline->{closure:{closure:Illuminate\\Pipeline\\Pipeline::carry():158}:159}()
#54 /var/www/bikube/vendor/laravel/framework/src/Illuminate/Pipeline/Pipeline.php(183): Illuminate\\Cookie\\Middleware\\AddQueuedCookiesToResponse->handle()
#55 /var/www/bikube/vendor/laravel/framework/src/Illuminate/Cookie/Middleware/EncryptCookies.php(67): Illuminate\\Pipeline\\Pipeline->{closure:{closure:Illuminate\\Pipeline\\Pipeline::carry():158}:159}()
#56 /var/www/bikube/vendor/laravel/framework/src/Illuminate/Pipeline/Pipeline.php(183): Illuminate\\Cookie\\Middleware\\EncryptCookies->handle()
#57 /var/www/bikube/vendor/laravel/framework/src/Illuminate/Pipeline/Pipeline.php(119): Illuminate\\Pipeline\\Pipeline->{closure:{closure:Illuminate\\Pipeline\\Pipeline::carry():158}:159}()
#58 /var/www/bikube/vendor/laravel/framework/src/Illuminate/Routing/Router.php(805): Illuminate\\Pipeline\\Pipeline->then()
#59 /var/www/bikube/vendor/laravel/framework/src/Illuminate/Routing/Router.php(784): Illuminate\\Routing\\Router->runRouteWithinStack()
#60 /var/www/bikube/vendor/laravel/framework/src/Illuminate/Routing/Router.php(748): Illuminate\\Routing\\Router->runRoute()
#61 /var/www/bikube/vendor/laravel/framework/src/Illuminate/Routing/Router.php(737): Illuminate\\Routing\\Router->dispatchToRoute()
#62 /var/www/bikube/vendor/laravel/framework/src/Illuminate/Foundation/Http/Kernel.php(200): Illuminate\\Routing\\Router->dispatch()
#63 /var/www/bikube/vendor/laravel/framework/src/Illuminate/Pipeline/Pipeline.php(144): Illuminate\\Foundation\\Http\\Kernel->{closure:Illuminate\\Foundation\\Http\\Kernel::dispatchToRouter():197}()
#64 /var/www/bikube/vendor/livewire/livewire/src/DisableBrowserCache.php(19): Illuminate\\Pipeline\\Pipeline->{closure:Illuminate\\Pipeline\\Pipeline::prepareDestination():142}()
#65 /var/www/bikube/vendor/laravel/framework/src/Illuminate/Pipeline/Pipeline.php(183): Livewire\\DisableBrowserCache->handle()
#66 /var/www/bikube/app/Http/Middleware/AddSecurityHeaders.php(18): Illuminate\\Pipeline\\Pipeline->{closure:{closure:Illuminate\\Pipeline\\Pipeline::carry():158}:159}()
#67 /var/www/bikube/vendor/laravel/framework/src/Illuminate/Pipeline/Pipeline.php(183): App\\Http\\Middleware\\AddSecurityHeaders->handle()
#68 /var/www/bikube/vendor/laravel/framework/src/Illuminate/Foundation/Http/Middleware/TransformsRequest.php(21): Illuminate\\Pipeline\\Pipeline->{closure:{closure:Illuminate\\Pipeline\\Pipeline::carry():158}:159}()
#69 /var/www/bikube/vendor/laravel/framework/src/Illuminate/Foundation/Http/Middleware/ConvertEmptyStringsToNull.php(31): Illuminate\\Foundation\\Http\\Middleware\\TransformsRequest->handle()
#70 /var/www/bikube/vendor/laravel/framework/src/Illuminate/Pipeline/Pipeline.php(183): Illuminate\\Foundation\\Http\\Middleware\\ConvertEmptyStringsToNull->handle()
#71 /var/www/bikube/vendor/laravel/framework/src/Illuminate/Foundation/Http/Middleware/TransformsRequest.php(21): Illuminate\\Pipeline\\Pipeline->{closure:{closure:Illuminate\\Pipeline\\Pipeline::carry():158}:159}()
#72 /var/www/bikube/vendor/laravel/framework/src/Illuminate/Foundation/Http/Middleware/TrimStrings.php(40): Illuminate\\Foundation\\Http\\Middleware\\TransformsRequest->handle()
#73 /var/www/bikube/vendor/laravel/framework/src/Illuminate/Pipeline/Pipeline.php(183): Illuminate\\Foundation\\Http\\Middleware\\TrimStrings->handle()
#74 /var/www/bikube/vendor/laravel/framework/src/Illuminate/Foundation/Http/Middleware/ValidatePostSize.php(27): Illuminate\\Pipeline\\Pipeline->{closure:{closure:Illuminate\\Pipeline\\Pipeline::carry():158}:159}()
#75 /var/www/bikube/vendor/laravel/framework/src/Illuminate/Pipeline/Pipeline.php(183): Illuminate\\Foundation\\Http\\Middleware\\ValidatePostSize->handle()
#76 /var/www/bikube/vendor/laravel/framework/src/Illuminate/Foundation/Http/Middleware/PreventRequestsDuringMaintenance.php(99): Illuminate\\Pipeline\\Pipeline->{closure:{closure:Illuminate\\Pipeline\\Pipeline::carry():158}:159}()
#77 /var/www/bikube/vendor/laravel/framework/src/Illuminate/Pipeline/Pipeline.php(183): Illuminate\\Foundation\\Http\\Middleware\\PreventRequestsDuringMaintenance->handle()
#78 /var/www/bikube/vendor/laravel/framework/src/Illuminate/Http/Middleware/HandleCors.php(49): Illuminate\\Pipeline\\Pipeline->{closure:{closure:Illuminate\\Pipeline\\Pipeline::carry():158}:159}()
#79 /var/www/bikube/vendor/laravel/framework/src/Illuminate/Pipeline/Pipeline.php(183): Illuminate\\Http\\Middleware\\HandleCors->handle()
#80 /var/www/bikube/app/Http/Middleware/NormalizeLocalRedirects.php(16): Illuminate\\Pipeline\\Pipeline->{closure:{closure:Illuminate\\Pipeline\\Pipeline::carry():158}:159}()
#81 /var/www/bikube/vendor/laravel/framework/src/Illuminate/Pipeline/Pipeline.php(183): App\\Http\\Middleware\\NormalizeLocalRedirects->handle()
#82 /var/www/bikube/app/Http/Middleware/EnsureAdminIpAllowed.php(96): Illuminate\\Pipeline\\Pipeline->{closure:{closure:Illuminate\\Pipeline\\Pipeline::carry():158}:159}()
#83 /var/www/bikube/vendor/laravel/framework/src/Illuminate/Pipeline/Pipeline.php(183): App\\Http\\Middleware\\EnsureAdminIpAllowed->handle()
#84 /var/www/bikube/app/Http/Middleware/RequestIdMiddleware.php(17): Illuminate\\Pipeline\\Pipeline->{closure:{closure:Illuminate\\Pipeline\\Pipeline::carry():158}:159}()
#85 /var/www/bikube/vendor/laravel/framework/src/Illuminate/Pipeline/Pipeline.php(183): App\\Http\\Middleware\\RequestIdMiddleware->handle()
#86 /var/www/bikube/vendor/laravel/framework/src/Illuminate/Http/Middleware/TrustProxies.php(39): Illuminate\\Pipeline\\Pipeline->{closure:{closure:Illuminate\\Pipeline\\Pipeline::carry():158}:159}()
#87 /var/www/bikube/vendor/laravel/framework/src/Illuminate/Pipeline/Pipeline.php(183): Illuminate\\Http\\Middleware\\TrustProxies->handle()
#88 /var/www/bikube/vendor/laravel/framework/src/Illuminate/Http/Middleware/TrustHosts.php(48): Illuminate\\Pipeline\\Pipeline->{closure:{closure:Illuminate\\Pipeline\\Pipeline::carry():158}:159}()
#89 /var/www/bikube/vendor/laravel/framework/src/Illuminate/Pipeline/Pipeline.php(183): Illuminate\\Http\\Middleware\\TrustHosts->handle()
#90 /var/www/bikube/vendor/laravel/framework/src/Illuminate/Pipeline/Pipeline.php(119): Illuminate\\Pipeline\\Pipeline->{closure:{closure:Illuminate\\Pipeline\\Pipeline::carry():158}:159}()
#91 /var/www/bikube/vendor/laravel/framework/src/Illuminate/Foundation/Http/Kernel.php(175): Illuminate\\Pipeline\\Pipeline->then()
#92 /var/www/bikube/vendor/laravel/framework/src/Illuminate/Foundation/Http/Kernel.php(144): Illuminate\\Foundation\\Http\\Kernel->sendRequestThroughRouter()
#93 /var/www/bikube/app/Console/Commands/OpsAdminPageRoleMatrixCommand.php(64): Illuminate\\Foundation\\Http\\Kernel->handle()
#94 /var/www/bikube/vendor/laravel/framework/src/Illuminate/Container/BoundMethod.php(36): App\\Console\\Commands\\OpsAdminPageRoleMatrixCommand->handle()
#95 /var/www/bikube/vendor/laravel/framework/src/Illuminate/Container/Util.php(41): Illuminate\\Container\\BoundMethod::{closure:Illuminate\\Container\\BoundMethod::call():35}()
#96 /var/www/bikube/vendor/laravel/framework/src/Illuminate/Container/BoundMethod.php(93): Illuminate\\Container\\Util::unwrapIfClosure()
#97 /var/www/bikube/vendor/laravel/framework/src/Illuminate/Container/BoundMethod.php(35): Illuminate\\Container\\BoundMethod::callBoundMethod()
#98 /var/www/bikube/vendor/laravel/framework/src/Illuminate/Container/Container.php(662): Illuminate\\Container\\BoundMethod::call()
#99 /var/www/bikube/vendor/laravel/framework/src/Illuminate/Console/Command.php(211): Illuminate\\Container\\Container->call()
#100 /var/www/bikube/vendor/symfony/console/Command/Command.php(326): Illuminate\\Console\\Command->execute()
#101 /var/www/bikube/vendor/laravel/framework/src/Illuminate/Console/Command.php(180): Symfony\\Component\\Console\\Command\\Command->run()
#102 /var/www/bikube/vendor/symfony/console/Application.php(1106): Illuminate\\Console\\Command->run()
#103 /var/www/bikube/vendor/symfony/console/Application.php(324): Symfony\\Component\\Console\\Application->doRunCommand()
#104 /var/www/bikube/vendor/symfony/console/Application.php(175): Symfony\\Component\\Console\\Application->doRun()
#105 /var/www/bikube/vendor/laravel/framework/src/Illuminate/Foundation/Console/Kernel.php(201): Symfony\\Component\\Console\\Application->run()
#106 /var/www/bikube/artisan(38): Illuminate\\Foundation\\Console\\Kernel->handle()
#107 {main}

[previous exception] [object] (ErrorException(code: 0): file_put_contents(/var/www/bikube/storage/framework/views/42d7ce6b4a5bab6f7502d982de2cf9ec.php): Failed to open stream: Permission denied at /var/www/bikube/vendor/laravel/framework/src/Illuminate/Filesystem/Filesystem.php:204)
[stacktrace]
#0 /var/www/bikube/vendor/laravel/framework/src/Illuminate/Foundation/Bootstrap/HandleExceptions.php(255): Illuminate\\Foundation\\Bootstrap\\HandleExceptions->handleError()
#1 [internal function]: Illuminate\\Foundation\\Bootstrap\\HandleExceptions->{closure:Illuminate\\Foundation\\Bootstrap\\HandleExceptions::forwardsTo():254}()
#2 /var/www/bikube/vendor/laravel/framework/src/Illuminate/Filesystem/Filesystem.php(204): file_put_contents()
#3 /var/www/bikube/vendor/laravel/framework/src/Illuminate/View/Compilers/BladeCompiler.php(194): Illuminate\\Filesystem\\Filesystem->put()
#4 /var/www/bikube/vendor/livewire/livewire/src/ComponentConcerns/RendersLivewireComponents.php(49): Illuminate\\View\\Compilers\\BladeCompiler->compile()
#5 /var/www/bikube/vendor/laravel/framework/src/Illuminate/View/View.php(207): Livewire\\LivewireViewCompilerEngine->get()
#6 /var/www/bikube/vendor/laravel/framework/src/Illuminate/View/View.php(190): Illuminate\\View\\View->getContents()
#7 /var/www/bikube/vendor/laravel/framework/src/Illuminate/View/View.php(159): Illuminate\\View\\View->renderContents()
#8 /var/www/bikube/vendor/laravel/framework/src/Illuminate/View/Concerns/ManagesComponents.php(103): Illuminate\\View\\View->render()
#9 /var/www/bikube/storage/framework/views/16fe289dda4cebb0f291d35a30d09d81.php(96): Illuminate\\View\\Factory->renderComponent()
#10 /var/www/bikube/vendor/livewire/livewire/src/ComponentConcerns/RendersLivewireComponents.php(83): include('...')
#11 /var/www/bikube/vendor/livewire/livewire/src/ComponentConcerns/RendersLivewireComponents.php(84): App\\Filament\\Resources\\ClaimResource\\Pages\\ListClaims->{closure:Livewire\\ComponentConcerns\\RendersLivewireComponents::evaluatePath():81}()
#12 /var/www/bikube/vendor/livewire/livewire/src/ComponentConcerns/RendersLivewireComponents.php(59): Livewire\\LivewireViewCompilerEngine->evaluatePath()
#13 /var/www/bikube/vendor/laravel/framework/src/Illuminate/View/View.php(207): Livewire\\LivewireViewCompilerEngine->get()
#14 /var/www/bikube/vendor/laravel/framework/src/Illuminate/View/View.php(190): Illuminate\\View\\View->getContents()
#15 /var/www/bikube/vendor/laravel/framework/src/Illuminate/View/View.php(159): Illuminate\\View\\View->renderContents()
#16 /var/www/bikube/vendor/laravel/framework/src/Illuminate/View/Concerns/ManagesComponents.php(103): Illuminate\\View\\View->render()
#17 /var/www/bikube/storage/framework/views/6d2180726f07605db9e6bab7ccd292eb.php(151): Illuminate\\View\\Factory->renderComponent()
#18 /var/www/bikube/vendor/livewire/livewire/src/ComponentConcerns/RendersLivewireComponents.php(83): include('...')
#19 /var/www/bikube/vendor/livewire/livewire/src/ComponentConcerns/RendersLivewireComponents.php(84): App\\Filament\\Resources\\ClaimResource\\Pages\\ListClaims->{closure:Livewire\\ComponentConcerns\\RendersLivewireComponents::evaluatePath():81}()
#20 /var/www/bikube/vendor/livewire/livewire/src/ComponentConcerns/RendersLivewireComponents.php(59): Livewire\\LivewireViewCompilerEngine->evaluatePath()
#21 /var/www/bikube/vendor/laravel/framework/src/Illuminate/View/View.php(207): Livewire\\LivewireViewCompilerEngine->get()
#22 /var/www/bikube/vendor/laravel/framework/src/Illuminate/View/View.php(190): Illuminate\\View\\View->getContents()
#23 /var/www/bikube/vendor/laravel/framework/src/Illuminate/View/View.php(159): Illuminate\\View\\View->renderContents()
#24 /var/www/bikube/vendor/laravel/framework/src/Illuminate/View/Concerns/ManagesComponents.php(103): Illuminate\\View\\View->render()
#25 /var/www/bikube/storage/framework/views/037e6a696e995d1dbd6a360543493c36.php(200): Illuminate\\View\\Factory->renderComponent()
#26 /var/www/bikube/vendor/livewire/livewire/src/ComponentConcerns/RendersLivewireComponents.php(83): include('...')
#27 /var/www/bikube/vendor/livewire/livewire/src/ComponentConcerns/RendersLivewireComponents.php(84): App\\Filament\\Resources\\ClaimResource\\Pages\\ListClaims->{closure:Livewire\\ComponentConcerns\\RendersLivewireComponents::evaluatePath():81}()
#28 /var/www/bikube/vendor/livewire/livewire/src/ComponentConcerns/RendersLivewireComponents.php(59): Livewire\\LivewireViewCompilerEngine->evaluatePath()
#29 /var/www/bikube/vendor/laravel/framework/src/Illuminate/View/View.php(207): Livewire\\LivewireViewCompilerEngine->get()
#30 /var/www/bikube/vendor/laravel/framework/src/Illuminate/View/View.php(190): Illuminate\\View\\View->getContents()
#31 /var/www/bikube/vendor/laravel/framework/src/Illuminate/View/View.php(159): Illuminate\\View\\View->renderContents()
#32 /var/www/bikube/vendor/laravel/framework/src/Illuminate/View/Concerns/ManagesComponents.php(103): Illuminate\\View\\View->render()
#33 /var/www/bikube/storage/framework/views/22aa8672152136486f2854e493b70c29.php(51): Illuminate\\View\\Factory->renderComponent()
#34 /var/www/bikube/vendor/livewire/livewire/src/ComponentConcerns/RendersLivewireComponents.php(83): include('...')
#35 /var/www/bikube/vendor/livewire/livewire/src/ComponentConcerns/RendersLivewireComponents.php(84): App\\Filament\\Resources\\ClaimResource\\Pages\\ListClaims->{closure:Livewire\\ComponentConcerns\\RendersLivewireComponents::evaluatePath():81}()
#36 /var/www/bikube/vendor/livewire/livewire/src/ComponentConcerns/RendersLivewireComponents.php(59): Livewire\\LivewireViewCompilerEngine->evaluatePath()
#37 /var/www/bikube/vendor/laravel/framework/src/Illuminate/View/View.php(207): Livewire\\LivewireViewCompilerEngine->get()
#38 /var/www/bikube/vendor/laravel/framework/src/Illuminate/View/View.php(190): Illuminate\\View\\View->getContents()
#39 /var/www/bikube/vendor/laravel/framework/src/Illuminate/View/View.php(159): Illuminate\\View\\View->renderContents()
#40 /var/www/bikube/vendor/laravel/framework/src/Illuminate/View/Concerns/ManagesComponents.php(103): Illuminate\\View\\View->render()
#41 /var/www/bikube/storage/framework/views/a7ee3d534222e1e289ddd71868b52ff8.php(6): Illuminate\\View\\Factory->renderComponent()
#42 /var/www/bikube/vendor/livewire/livewire/src/ComponentConcerns/RendersLivewireComponents.php(83): include('...')
#43 /var/www/bikube/vendor/livewire/livewire/src/ComponentConcerns/RendersLivewireComponents.php(84): App\\Filament\\Resources\\ClaimResource\\Pages\\ListClaims->{closure:Livewire\\ComponentConcerns\\RendersLivewireComponents::evaluatePath():81}()
#44 /var/www/bikube/vendor/livewire/livewire/src/ComponentConcerns/RendersLivewireComponents.php(59): Livewire\\LivewireViewCompilerEngine->evaluatePath()
#45 /var/www/bikube/vendor/laravel/framework/src/Illuminate/View/View.php(207): Livewire\\LivewireViewCompilerEngine->get()
#46 /var/www/bikube/vendor/laravel/framework/src/Illuminate/View/View.php(190): Illuminate\\View\\View->getContents()
#47 /var/www/bikube/vendor/laravel/framework/src/Illuminate/View/View.php(159): Illuminate\\View\\View->renderContents()
#48 /var/www/bikube/vendor/laravel/framework/src/Illuminate/Http/Response.php(69): Illuminate\\View\\View->render()
#49 /var/www/bikube/vendor/laravel/framework/src/Illuminate/Http/Response.php(35): Illuminate\\Http\\Response->setContent()
#50 /var/www/bikube/vendor/laravel/framework/src/Illuminate/Routing/Router.php(918): Illuminate\\Http\\Response->__construct()
#51 /var/www/bikube/vendor/laravel/framework/src/Illuminate/Routing/Router.php(885): Illuminate\\Routing\\Router::toResponse()
#52 /var/www/bikube/vendor/laravel/framework/src/Illuminate/Routing/Router.php(805): Illuminate\\Routing\\Router->prepareResponse()
#53 /var/www/bikube/vendor/laravel/framework/src/Illuminate/Pipeline/Pipeline.php(144): Illuminate\\Routing\\Router->{closure:Illuminate\\Routing\\Router::runRouteWithinStack():805}()
#54 /var/www/bikube/vendor/laravel/framework/src/Illuminate/Auth/Middleware/Authenticate.php(57): Illuminate\\Pipeline\\Pipeline->{closure:Illuminate\\Pipeline\\Pipeline::prepareDestination():142}()
#55 /var/www/bikube/vendor/laravel/framework/src/Illuminate/Pipeline/Pipeline.php(183): Illuminate\\Auth\\Middleware\\Authenticate->handle()
#56 /var/www/bikube/vendor/laravel/framework/src/Illuminate/Foundation/Http/Middleware/VerifyCsrfToken.php(78): Illuminate\\Pipeline\\Pipeline->{closure:{closure:Illuminate\\Pipeline\\Pipeline::carry():158}:159}()
#57 /var/www/bikube/vendor/laravel/framework/src/Illuminate/Pipeline/Pipeline.php(183): Illuminate\\Foundation\\Http\\Middleware\\VerifyCsrfToken->handle()
#58 /var/www/bikube/vendor/laravel/framework/src/Illuminate/View/Middleware/ShareErrorsFromSession.php(49): Illuminate\\Pipeline\\Pipeline->{closure:{closure:Illuminate\\Pipeline\\Pipeline::carry():158}:159}()
#59 /var/www/bikube/vendor/laravel/framework/src/Illuminate/Pipeline/Pipeline.php(183): Illuminate\\View\\Middleware\\ShareErrorsFromSession->handle()
#60 /var/www/bikube/vendor/laravel/framework/src/Illuminate/Session/Middleware/StartSession.php(121): Illuminate\\Pipeline\\Pipeline->{closure:{closure:Illuminate\\Pipeline\\Pipeline::carry():158}:159}()
#61 /var/www/bikube/vendor/laravel/framework/src/Illuminate/Session/Middleware/StartSession.php(64): Illuminate\\Session\\Middleware\\StartSession->handleStatefulRequest()
#62 /var/www/bikube/vendor/laravel/framework/src/Illuminate/Pipeline/Pipeline.php(183): Illuminate\\Session\\Middleware\\StartSession->handle()
#63 /var/www/bikube/vendor/laravel/framework/src/Illuminate/Cookie/Middleware/AddQueuedCookiesToResponse.php(37): Illuminate\\Pipeline\\Pipeline->{closure:{closure:Illuminate\\Pipeline\\Pipeline::carry():158}:159}()
#64 /var/www/bikube/vendor/laravel/framework/src/Illuminate/Pipeline/Pipeline.php(183): Illuminate\\Cookie\\Middleware\\AddQueuedCookiesToResponse->handle()
#65 /var/www/bikube/vendor/laravel/framework/src/Illuminate/Cookie/Middleware/EncryptCookies.php(67): Illuminate\\Pipeline\\Pipeline->{closure:{closure:Illuminate\\Pipeline\\Pipeline::carry():158}:159}()
#66 /var/www/bikube/vendor/laravel/framework/src/Illuminate/Pipeline/Pipeline.php(183): Illuminate\\Cookie\\Middleware\\EncryptCookies->handle()
#67 /var/www/bikube/vendor/laravel/framework/src/Illuminate/Pipeline/Pipeline.php(119): Illuminate\\Pipeline\\Pipeline->{closure:{closure:Illuminate\\Pipeline\\Pipeline::carry():158}:159}()
#68 /var/www/bikube/vendor/laravel/framework/src/Illuminate/Routing/Router.php(805): Illuminate\\Pipeline\\Pipeline->then()
#69 /var/www/bikube/vendor/laravel/framework/src/Illuminate/Routing/Router.php(784): Illuminate\\Routing\\Router->runRouteWithinStack()
#70 /var/www/bikube/vendor/laravel/framework/src/Illuminate/Routing/Router.php(748): Illuminate\\Routing\\Router->runRoute()
#71 /var/www/bikube/vendor/laravel/framework/src/Illuminate/Routing/Router.php(737): Illuminate\\Routing\\Router->dispatchToRoute()
#72 /var/www/bikube/vendor/laravel/framework/src/Illuminate/Foundation/Http/Kernel.php(200): Illuminate\\Routing\\Router->dispatch()
#73 /var/www/bikube/vendor/laravel/framework/src/Illuminate/Pipeline/Pipeline.php(144): Illuminate\\Foundation\\Http\\Kernel->{closure:Illuminate\\Foundation\\Http\\Kernel::dispatchToRouter():197}()
#74 /var/www/bikube/vendor/livewire/livewire/src/DisableBrowserCache.php(19): Illuminate\\Pipeline\\Pipeline->{closure:Illuminate\\Pipeline\\Pipeline::prepareDestination():142}()
#75 /var/www/bikube/vendor/laravel/framework/src/Illuminate/Pipeline/Pipeline.php(183): Livewire\\DisableBrowserCache->handle()
#76 /var/www/bikube/app/Http/Middleware/AddSecurityHeaders.php(18): Illuminate\\Pipeline\\Pipeline->{closure:{closure:Illuminate\\Pipeline\\Pipeline::carry():158}:159}()
#77 /var/www/bikube/vendor/laravel/framework/src/Illuminate/Pipeline/Pipeline.php(183): App\\Http\\Middleware\\AddSecurityHeaders->handle()
#78 /var/www/bikube/vendor/laravel/framework/src/Illuminate/Foundation/Http/Middleware/TransformsRequest.php(21): Illuminate\\Pipeline\\Pipeline->{closure:{closure:Illuminate\\Pipeline\\Pipeline::carry():158}:159}()
#79 /var/www/bikube/vendor/laravel/framework/src/Illuminate/Foundation/Http/Middleware/ConvertEmptyStringsToNull.php(31): Illuminate\\Foundation\\Http\\Middleware\\TransformsRequest->handle()
#80 /var/www/bikube/vendor/laravel/framework/src/Illuminate/Pipeline/Pipeline.php(183): Illuminate\\Foundation\\Http\\Middleware\\ConvertEmptyStringsToNull->handle()
#81 /var/www/bikube/vendor/laravel/framework/src/Illuminate/Foundation/Http/Middleware/TransformsRequest.php(21): Illuminate\\Pipeline\\Pipeline->{closure:{closure:Illuminate\\Pipeline\\Pipeline::carry():158}:159}()
#82 /var/www/bikube/vendor/laravel/framework/src/Illuminate/Foundation/Http/Middleware/TrimStrings.php(40): Illuminate\\Foundation\\Http\\Middleware\\TransformsRequest->handle()
#83 /var/www/bikube/vendor/laravel/framework/src/Illuminate/Pipeline/Pipeline.php(183): Illuminate\\Foundation\\Http\\Middleware\\TrimStrings->handle()
#84 /var/www/bikube/vendor/laravel/framework/src/Illuminate/Foundation/Http/Middleware/ValidatePostSize.php(27): Illuminate\\Pipeline\\Pipeline->{closure:{closure:Illuminate\\Pipeline\\Pipeline::carry():158}:159}()
#85 /var/www/bikube/vendor/laravel/framework/src/Illuminate/Pipeline/Pipeline.php(183): Illuminate\\Foundation\\Http\\Middleware\\ValidatePostSize->handle()
#86 /var/www/bikube/vendor/laravel/framework/src/Illuminate/Foundation/Http/Middleware/PreventRequestsDuringMaintenance.php(99): Illuminate\\Pipeline\\Pipeline->{closure:{closure:Illuminate\\Pipeline\\Pipeline::carry():158}:159}()
#87 /var/www/bikube/vendor/laravel/framework/src/Illuminate/Pipeline/Pipeline.php(183): Illuminate\\Foundation\\Http\\Middleware\\PreventRequestsDuringMaintenance->handle()
#88 /var/www/bikube/vendor/laravel/framework/src/Illuminate/Http/Middleware/HandleCors.php(49): Illuminate\\Pipeline\\Pipeline->{closure:{closure:Illuminate\\Pipeline\\Pipeline::carry():158}:159}()
#89 /var/www/bikube/vendor/laravel/framework/src/Illuminate/Pipeline/Pipeline.php(183): Illuminate\\Http\\Middleware\\HandleCors->handle()
#90 /var/www/bikube/app/Http/Middleware/NormalizeLocalRedirects.php(16): Illuminate\\Pipeline\\Pipeline->{closure:{closure:Illuminate\\Pipeline\\Pipeline::carry():158}:159}()
#91 /var/www/bikube/vendor/laravel/framework/src/Illuminate/Pipeline/Pipeline.php(183): App\\Http\\Middleware\\NormalizeLocalRedirects->handle()
#92 /var/www/bikube/app/Http/Middleware/EnsureAdminIpAllowed.php(96): Illuminate\\Pipeline\\Pipeline->{closure:{closure:Illuminate\\Pipeline\\Pipeline::carry():158}:159}()
#93 /var/www/bikube/vendor/laravel/framework/src/Illuminate/Pipeline/Pipeline.php(183): App\\Http\\Middleware\\EnsureAdminIpAllowed->handle()
#94 /var/www/bikube/app/Http/Middleware/RequestIdMiddleware.php(17): Illuminate\\Pipeline\\Pipeline->{closure:{closure:Illuminate\\Pipeline\\Pipeline::carry():158}:159}()
#95 /var/www/bikube/vendor/laravel/framework/src/Illuminate/Pipeline/Pipeline.php(183): App\\Http\\Middleware\\RequestIdMiddleware->handle()
#96 /var/www/bikube/vendor/laravel/framework/src/Illuminate/Http/Middleware/TrustProxies.php(39): Illuminate\\Pipeline\\Pipeline->{closure:{closure:Illuminate\\Pipeline\\Pipeline::carry():158}:159}()
#97 /var/www/bikube/vendor/laravel/framework/src/Illuminate/Pipeline/Pipeline.php(183): Illuminate\\Http\\Middleware\\TrustProxies->handle()
#98 /var/www/bikube/vendor/laravel/framework/src/Illuminate/Http/Middleware/TrustHosts.php(48): Illuminate\\Pipeline\\Pipeline->{closure:{closure:Illuminate\\Pipeline\\Pipeline::carry():158}:159}()
#99 /var/www/bikube/vendor/laravel/framework/src/Illuminate/Pipeline/Pipeline.php(183): Illuminate\\Http\\Middleware\\TrustHosts->handle()
#100 /var/www/bikube/vendor/laravel/framework/src/Illuminate/Pipeline/Pipeline.php(119): Illuminate\\Pipeline\\Pipeline->{closure:{closure:Illuminate\\Pipeline\\Pipeline::carry():158}:159}()
#101 /var/www/bikube/vendor/laravel/framework/src/Illuminate/Foundation/Http/Kernel.php(175): Illuminate\\Pipeline\\Pipeline->then()
#102 /var/www/bikube/vendor/laravel/framework/src/Illuminate/Foundation/Http/Kernel.php(144): Illuminate\\Foundation\\Http\\Kernel->sendRequestThroughRouter()
#103 /var/www/bikube/app/Console/Commands/OpsAdminPageRoleMatrixCommand.php(64): Illuminate\\Foundation\\Http\\Kernel->handle()
#104 /var/www/bikube/vendor/laravel/framework/src/Illuminate/Container/BoundMethod.php(36): App\\Console\\Commands\\OpsAdminPageRoleMatrixCommand->handle()
#105 /var/www/bikube/vendor/laravel/framework/src/Illuminate/Container/Util.php(41): Illuminate\\Container\\BoundMethod::{closure:Illuminate\\Container\\BoundMethod::call():35}()
#106 /var/www/bikube/vendor/laravel/framework/src/Illuminate/Container/BoundMethod.php(93): Illuminate\\Container\\Util::unwrapIfClosure()
#107 /var/www/bikube/vendor/laravel/framework/src/Illuminate/Container/BoundMethod.php(35): Illuminate\\Container\\BoundMethod::callBoundMethod()
#108 /var/www/bikube/vendor/laravel/framework/src/Illuminate/Container/Container.php(662): Illuminate\\Container\\BoundMethod::call()
#109 /var/www/bikube/vendor/laravel/framework/src/Illuminate/Console/Command.php(211): Illuminate\\Container\\Container->call()
#110 /var/www/bikube/vendor/symfony/console/Command/Command.php(326): Illuminate\\Console\\Command->execute()
#111 /var/www/bikube/vendor/laravel/framework/src/Illuminate/Console/Command.php(180): Symfony\\Component\\Console\\Command\\Command->run()
#112 /var/www/bikube/vendor/symfony/console/Application.php(1106): Illuminate\\Console\\Command->run()
#113 /var/www/bikube/vendor/symfony/console/Application.php(324): Symfony\\Component\\Console\\Application->doRunCommand()
#114 /var/www/bikube/vendor/symfony/console/Application.php(175): Symfony\\Component\\Console\\Application->doRun()
#115 /var/www/bikube/vendor/laravel/framework/src/Illuminate/Foundation/Console/Kernel.php(201): Symfony\\Component\\Console\\Application->run()
#116 /var/www/bikube/artisan(38): Illuminate\\Foundation\\Console\\Kernel->handle()
#117 {main}
"} 
