
   INFO  Horizon started successfully.  

  2026-04-12 19:15:03 App\Domain\AgentOS\Jobs\ProcessAgentRunJob ..... RUNNING
  2026-04-12 19:15:37 App\Domain\AgentOS\Jobs\ProcessAgentRunJob .... 34s DONE
  2026-04-12 19:16:31 App\Domain\AgentOS\Jobs\ProcessAgentRunJob ..... RUNNING
  2026-04-12 19:16:36 App\Domain\AgentOS\Jobs\ProcessAgentRunJob ..... RUNNING
  2026-04-12 19:16:36 App\Domain\AgentOS\Jobs\ProcessAgentRunJob . 4.06ms DONE
  2026-04-12 19:16:42 App\Domain\AgentOS\Jobs\ProcessAgentRunJob ..... RUNNING
  2026-04-12 19:16:42 App\Domain\AgentOS\Jobs\ProcessAgentRunJob . 0.73ms DONE
  2026-04-12 19:16:48 App\Domain\AgentOS\Jobs\ProcessAgentRunJob ..... RUNNING
  2026-04-12 19:16:48 App\Domain\AgentOS\Jobs\ProcessAgentRunJob . 0.76ms DONE
  2026-04-12 19:16:54 App\Domain\AgentOS\Jobs\ProcessAgentRunJob ..... RUNNING
  2026-04-12 19:16:54 App\Domain\AgentOS\Jobs\ProcessAgentRunJob  30.46ms FAIL
  2026-04-12 19:17:01 App\Domain\AgentOS\Jobs\ProcessAgentRunJob .... 29s DONE
  2026-04-12 19:31:52 App\Domain\AgentOS\Jobs\ProcessAgentRunJob ..... RUNNING
  2026-04-12 19:32:49 App\Domain\AgentOS\Jobs\ProcessAgentRunJob .... 56s DONE
  2026-04-12 19:38:55 App\Domain\AgentOS\Jobs\ProcessAgentRunJob ..... RUNNING
  2026-04-12 19:39:30 App\Domain\AgentOS\Jobs\ProcessAgentRunJob .... 34s DONE
  2026-04-12 19:50:23 App\Domain\AgentOS\Jobs\ProcessAgentRunJob ..... RUNNING
  2026-04-12 19:50:55 App\Domain\AgentOS\Jobs\ProcessAgentRunJob .... 32s DONE
  2026-04-12 19:53:27 App\Domain\AgentOS\Jobs\ProcessAgentRunJob ..... RUNNING
  2026-04-12 19:54:14 App\Domain\AgentOS\Jobs\ProcessAgentRunJob .... 47s DONE
  2026-04-12 19:55:20 App\Domain\AgentOS\Jobs\ProcessAgentRunJob ..... RUNNING
  2026-04-12 19:56:05 App\Domain\AgentOS\Jobs\ProcessAgentRunJob .... 45s DONE
  2026-04-12 20:01:33 App\Domain\AgentOS\Jobs\ProcessAgentRunJob ..... RUNNING
  2026-04-12 20:02:20 App\Domain\AgentOS\Jobs\ProcessAgentRunJob .... 46s DONE
  2026-04-12 20:06:16 App\Domain\AgentOS\Jobs\ProcessAgentRunJob ..... RUNNING
  2026-04-12 20:06:42 App\Domain\AgentOS\Jobs\ProcessAgentRunJob .... 26s DONE
  2026-04-12 20:08:33 App\Domain\AgentOS\Jobs\ProcessAgentRunJob ..... RUNNING
  2026-04-12 20:08:56 App\Domain\AgentOS\Jobs\ProcessAgentRunJob .... 23s DONE
  2026-04-13 05:29:59 App\Domain\AgentOS\Jobs\ProcessAgentRunJob ..... RUNNING
  2026-04-13 05:30:21 App\Domain\AgentOS\Jobs\ProcessAgentRunJob .... 22s DONE
  2026-04-13 05:32:57 App\Domain\AgentOS\Jobs\ProcessAgentRunJob ..... RUNNING
  2026-04-13 05:33:18 App\Domain\AgentOS\Jobs\ProcessAgentRunJob .... 21s DONE
  2026-04-13 06:14:34 App\Domain\AgentOS\Jobs\ProcessAgentRunJob ..... RUNNING
  2026-04-13 06:14:55 App\Domain\AgentOS\Jobs\ProcessAgentRunJob .... 20s DONE
  2026-04-13 07:57:48 App\Domain\AgentOS\Jobs\ProcessAgentRunJob ..... RUNNING
  2026-04-13 07:58:32 App\Domain\AgentOS\Jobs\ProcessAgentRunJob .... 43s DONE
  2026-04-13 08:06:38 App\Domain\AgentOS\Jobs\ProcessAgentRunJob ..... RUNNING
  2026-04-13 08:07:18 App\Domain\AgentOS\Jobs\ProcessAgentRunJob .... 39s DONE
  2026-04-13 08:08:54 App\Domain\AgentOS\Jobs\ProcessAgentRunJob ..... RUNNING
  2026-04-13 08:09:25 App\Domain\AgentOS\Jobs\ProcessAgentRunJob .... 31s DONE
  2026-04-13 08:10:52 App\Domain\AgentOS\Jobs\ProcessAgentRunJob ..... RUNNING
  2026-04-13 08:11:28 App\Domain\AgentOS\Jobs\ProcessAgentRunJob .... 35s DONE
  2026-04-13 08:14:25 App\Domain\AgentOS\Jobs\ProcessAgentRunJob ..... RUNNING
  2026-04-13 08:14:56 App\Domain\AgentOS\Jobs\ProcessAgentRunJob .... 31s DONE
  2026-04-13 08:21:37 App\Domain\AgentOS\Jobs\ProcessAgentRunJob ..... RUNNING
  2026-04-13 08:22:12 App\Domain\AgentOS\Jobs\ProcessAgentRunJob .... 34s DONE
  2026-04-13 08:26:40 App\Domain\AgentOS\Jobs\ProcessAgentRunJob ..... RUNNING
  2026-04-13 08:27:09 App\Domain\AgentOS\Jobs\ProcessAgentRunJob .... 28s DONE
  2026-04-13 08:28:29 App\Domain\AgentOS\Jobs\ProcessAgentRunJob ..... RUNNING
  2026-04-13 08:28:56 App\Domain\AgentOS\Jobs\ProcessAgentRunJob .... 27s DONE
  2026-04-13 08:29:02 App\Domain\AgentOS\Jobs\ProcessAgentRunJob ..... RUNNING
  2026-04-13 08:29:30 App\Domain\AgentOS\Jobs\ProcessAgentRunJob .... 28s DONE
  2026-04-13 13:47:18 App\Domain\AgentOS\Jobs\ProcessAgentRunJob ..... RUNNING
  2026-04-13 13:47:46 App\Domain\AgentOS\Jobs\ProcessAgentRunJob .... 28s DONE
  2026-04-13 13:50:27 App\Domain\AgentOS\Jobs\ProcessAgentRunJob ..... RUNNING
  2026-04-13 13:50:36 App\Domain\AgentOS\Jobs\ProcessAgentRunJob ..... 9s DONE
  2026-04-13 13:52:57 App\Domain\AgentOS\Jobs\ProcessAgentRunJob ..... RUNNING
  2026-04-13 13:52:58 App\Domain\AgentOS\Jobs\ProcessAgentRunJob ..... 1s DONE
  2026-04-13 14:20:32 App\Domain\AgentOS\Jobs\ProcessAgentRunJob ..... RUNNING
  2026-04-13 14:20:34 App\Domain\AgentOS\Jobs\ProcessAgentRunJob ..... 1s DONE
  2026-04-13 14:21:44 App\Domain\AgentOS\Jobs\ProcessAgentRunJob ..... RUNNING
  2026-04-13 14:21:46 App\Domain\AgentOS\Jobs\ProcessAgentRunJob ..... 1s DONE
  2026-04-13 14:51:27 App\Domain\AgentOS\Jobs\ProcessAgentRunJob ..... RUNNING
  2026-04-13 14:51:29 App\Domain\AgentOS\Jobs\ProcessAgentRunJob ..... 1s DONE
  2026-04-14 10:19:33 App\Domain\AgentOS\Jobs\ProcessAgentRunJob ..... RUNNING
  2026-04-14 10:19:33 App\Domain\AgentOS\Jobs\ProcessAgentRunJob . 3.40ms DONE
